Compiled jquery.js  (12ms)  (pid 3092)
Compiled jquery_ujs.js  (0ms)  (pid 3092)
Compiled twitter/bootstrap/bootstrap-transition.js  (0ms)  (pid 3092)
Compiled twitter/bootstrap/bootstrap-alert.js  (56ms)  (pid 3092)
Compiled twitter/bootstrap/bootstrap-modal.js  (0ms)  (pid 3092)
Compiled twitter/bootstrap/bootstrap-dropdown.js  (0ms)  (pid 3092)
Compiled twitter/bootstrap/bootstrap-scrollspy.js  (0ms)  (pid 3092)
Compiled twitter/bootstrap/bootstrap-tab.js  (0ms)  (pid 3092)
Compiled twitter/bootstrap/bootstrap-tooltip.js  (0ms)  (pid 3092)
Compiled twitter/bootstrap/bootstrap-popover.js  (0ms)  (pid 3092)
Compiled twitter/bootstrap/bootstrap-button.js  (1ms)  (pid 3092)
Compiled twitter/bootstrap/bootstrap-collapse.js  (0ms)  (pid 3092)
Compiled twitter/bootstrap/bootstrap-carousel.js  (0ms)  (pid 3092)
Compiled twitter/bootstrap/bootstrap-typeahead.js  (0ms)  (pid 3092)
Compiled twitter/bootstrap/bootstrap-affix.js  (0ms)  (pid 3092)
Compiled twitter/bootstrap.js  (258ms)  (pid 3092)
Compiled underscore-min.js  (0ms)  (pid 3092)
Compiled backbone-min.js  (0ms)  (pid 3092)
Compiled backbone/namespace.js  (0ms)  (pid 3092)
Compiled backbone/models/category.js  (0ms)  (pid 3092)
Compiled backbone/collections/category_list.js  (0ms)  (pid 3092)
Compiled backbone/views/category_view.js  (0ms)  (pid 3092)
Compiled backbone/views/category_list_view.js  (0ms)  (pid 3092)
Compiled backbone/views/category_app_view.js  (0ms)  (pid 3092)
Compiled backbone/book-voyager.js  (0ms)  (pid 3092)
Compiled backbone/base.js  (149ms)  (pid 3092)
Compiled app_masonry.js  (0ms)  (pid 3092)
Compiled bootstrap.js  (223ms)  (pid 3092)
Compiled jquery.infinitescroll.js  (0ms)  (pid 3092)
Compiled jquery.masonry.min.js  (1ms)  (pid 3092)
Compiled application.js  (1074ms)  (pid 3092)
Compiled twitter-bootstrap-static/bootstrap.css  (76ms)  (pid 3092)
Compiled twitter-bootstrap-static/fontawesome.css  (30ms)  (pid 3092)
Compiled bootstrap_and_overrides.css  (156ms)  (pid 3092)
Compiled application.css  (183ms)  (pid 3092)
Compiled jquery.js  (2ms)  (pid 3092)
Compiled jquery_ujs.js  (0ms)  (pid 3092)
Compiled twitter/bootstrap/bootstrap-transition.js  (0ms)  (pid 3092)
Compiled twitter/bootstrap/bootstrap-alert.js  (0ms)  (pid 3092)
Compiled twitter/bootstrap/bootstrap-modal.js  (0ms)  (pid 3092)
Compiled twitter/bootstrap/bootstrap-dropdown.js  (0ms)  (pid 3092)
Compiled twitter/bootstrap/bootstrap-scrollspy.js  (0ms)  (pid 3092)
Compiled twitter/bootstrap/bootstrap-tab.js  (0ms)  (pid 3092)
Compiled twitter/bootstrap/bootstrap-tooltip.js  (1ms)  (pid 3092)
Compiled twitter/bootstrap/bootstrap-popover.js  (0ms)  (pid 3092)
Compiled twitter/bootstrap/bootstrap-button.js  (0ms)  (pid 3092)
Compiled twitter/bootstrap/bootstrap-collapse.js  (0ms)  (pid 3092)
Compiled twitter/bootstrap/bootstrap-carousel.js  (0ms)  (pid 3092)
Compiled twitter/bootstrap/bootstrap-typeahead.js  (0ms)  (pid 3092)
Compiled twitter/bootstrap/bootstrap-affix.js  (0ms)  (pid 3092)
Compiled twitter/bootstrap.js  (251ms)  (pid 3092)
Compiled underscore-min.js  (0ms)  (pid 3092)
Compiled backbone-min.js  (0ms)  (pid 3092)
Compiled backbone/namespace.js  (0ms)  (pid 3092)
Compiled backbone/models/category.js  (0ms)  (pid 3092)
Compiled backbone/collections/category_list.js  (0ms)  (pid 3092)
Compiled backbone/views/category_view.js  (0ms)  (pid 3092)
Compiled backbone/views/category_list_view.js  (0ms)  (pid 3092)
Compiled backbone/views/category_app_view.js  (3ms)  (pid 3092)
Compiled backbone/book-voyager.js  (0ms)  (pid 3092)
Compiled backbone/base.js  (183ms)  (pid 3092)
Compiled app_masonry.js  (0ms)  (pid 3092)
Compiled bootstrap.js  (141ms)  (pid 3092)
Compiled jquery.infinitescroll.js  (0ms)  (pid 3092)
Compiled jquery.masonry.min.js  (0ms)  (pid 3092)
Compiled application.js  (727ms)  (pid 3092)
Compiled twitter-bootstrap-static/bootstrap.css  (65ms)  (pid 3092)
Compiled twitter-bootstrap-static/fontawesome.css  (18ms)  (pid 3092)
Compiled bootstrap_and_overrides.css  (105ms)  (pid 3092)
Compiled application.css  (118ms)  (pid 3092)
